<?xml version="1.0" encoding="UTF-8"?>
<!-- Generated by org.testng.reporters.JUnitReportReporter -->
<testsuite skipped="0" hostname="silverone1" name="testPage.LoginTest" tests="1" failures="0" timestamp="2020-07-24T23:42:59 CDT" time="29.567" errors="0">
  <testcase name="goToCreateAccount" time="29.567" classname="testPage.LoginTest"/>
</testsuite> <!-- testPage.LoginTest -->
